<?xml version="1.0" encoding="UTF-8"?>
<testsuite xmlns:xsi="http://www.w3.org/2001/XMLSchema-instance" xsi:noNamespaceSchemaLocation="https://maven.apache.org/surefire/maven-surefire-plugin/xsd/surefire-test-report-3.0.xsd" version="3.0" name="com.slotbooking.controller.PaymentControllerTest" time="11.334" tests="2" errors="0" skipped="0" failures="0">
  <properties>
[...]
</properties>
  <testcase name="processWebhook_returnsOk" classname="com.slotbooking.controller.PaymentControllerTest" time="0.032">
    <system-out><![CDATA[2026-07-01T21:26:17.877+05:30  INFO 7344 --- [slot-booking-backend] [           main] t.c.s.AnnotationConfigContextLoaderUtils : Could not detect default configuration classes for test class [com.slotbooking.controller.PaymentControllerTest]: PaymentControllerTest does not declare any static, non-private, non-final, nested classes annotated with @Configuration.
2026-07-01T21:26:17.885+05:30  INFO 7344 --- [slot-booking-backend] [           main] .b.t.c.SpringBootTestContextBootstrapper : Found @SpringBootConfiguration com.slotbooking.SlotBookingApplication for test class com.slotbooking.controller.PaymentControllerTest
2026-07-01T21:26:17.893+05:30  INFO 7344 --- [slot-booking-backend] [           main] o.s.b.d.r.RestartApplicationListener     : Restart disabled due to context in which it is running
2026-07-01T21:26:17.898+05:30  INFO 7344 --- [slot-booking-backend] [           main] m.p.springdotenv.DotenvPropertySource    : Initialized Dotenv with DotenvConfig{directory=null, filename=null, ignoreIfMalformed=false, ignoreIfMissing=true, systemProperties=false, prefix=null}
  .   ____          _            __ _ _
 /\\ / ___'_ __ _ _(_)_ __  __ _ \ \ \ \
( ( )\___ | '_ | '_| | '_ \/ _` | \ \ \ \
 \\/  ___)| |_)| | | | | || (_| |  ) ) ) )
  '  |____| .__|_| |_|_| |_\__, | / / / /
 =========|_|==============|___/=/_/_/_/

 :: Spring Boot ::                (v3.3.0)

2026-07-01T21:26:17.933+05:30  WARN 7344 --- [slot-booking-backend] [           main] ory$DuplicateJsonObjectContextCustomizer : 

Found multiple occurrences of org.json.JSONObject on the class path:

	jar:file:/C:/Users/Nishan/.m2/repository/org/json/json/20180130/json-20180130.jar!/org/json/JSONObject.class
	jar:file:/C:/Users/Nishan/.m2/repository/com/vaadin/external/google/android-json/0.0.20131108.vaadin1/android-json-0.0.20131108.vaadin1.jar!/org/json/JSONObject.class

You may wish to exclude one of them to ensure predictable runtime behavior

2026-07-01T21:26:17.936+05:30  INFO 7344 --- [slot-booking-backend] [           main] c.s.controller.PaymentControllerTest     : Starting PaymentControllerTest using Java 25.0.2 with PID 7344 (started by Nishan in C:\Users\Nishan\Desktop\app\backend)
2026-07-01T21:26:17.937+05:30  INFO 7344 --- [slot-booking-backend] [           main] c.s.controller.PaymentControllerTest     : The following 1 profile is active: "test"
2026-07-01T21:26:18.053+05:30  INFO 7344 --- [slot-booking-backend] [MessageBroker-1] c.s.m.p.service.PaymentServiceImpl       : [Structured Log] Processing expiration for booking ID: 2
2026-07-01T21:26:18.055+05:30  INFO 7344 --- [slot-booking-backend] [cTaskExecutor-2] s.m.w.s.WebSocketNotificationServiceImpl : [WS BROADCAST] Pushing booking expiration to user: 8899833843
2026-07-01T21:26:18.055+05:30  INFO 7344 --- [slot-booking-backend] [MessageBroker-1] c.s.m.n.service.NotificationServiceImpl  : [Notification Service] Created notification ID: 304bc2a3-f35a-4805-ae1d-13996a37fe3e for user: 8899833843
2026-07-01T21:26:18.055+05:30  INFO 7344 --- [slot-booking-backend] [MessageBroker-1] c.s.m.n.service.NotificationServiceImpl  : [Notification Service] Dispatching notification ID: 304bc2a3-f35a-4805-ae1d-13996a37fe3e via channel: IN_APP
2026-07-01T21:26:18.186+05:30  INFO 7344 --- [slot-booking-backend] [cTaskExecutor-1] c.s.m.w.listener.WebSocketEventListener  : [WS BROADCAST] Pushing Metrics Update to Dashboard
2026-07-01T21:26:18.478+05:30  INFO 7344 --- [slot-booking-backend] [           main] .s.d.r.c.RepositoryConfigurationDelegate : Bootstrapping Spring Data JPA repositories in DEFAULT mode.
2026-07-01T21:26:18.511+05:30  INFO 7344 --- [slot-booking-backend] [cTaskExecutor-2] c.s.m.w.listener.WebSocketEventListener  : [WS BROADCAST] Pushing Metrics Update to Dashboard
2026-07-01T21:26:18.554+05:30  INFO 7344 --- [slot-booking-backend] [           main] .s.d.r.c.RepositoryConfigurationDelegate : Finished Spring Data repository scanning in 76 ms. Found 11 JPA repository interfaces.
2026-07-01T21:26:18.874+05:30  INFO 7344 --- [slot-booking-backend] [           main] o.hibernate.jpa.internal.util.LogHelper  : HHH000204: Processing PersistenceUnitInfo [name: default]
2026-07-01T21:26:18.882+05:30  INFO 7344 --- [slot-booking-backend] [           main] o.h.c.internal.RegionFactoryInitiator    : HHH000026: Second-level cache disabled
2026-07-01T21:26:18.901+05:30  INFO 7344 --- [slot-booking-backend] [           main] o.s.o.j.p.SpringPersistenceUnitInfo      : No LoadTimeWeaver setup: ignoring JPA class transformer
2026-07-01T21:26:18.903+05:30  INFO 7344 --- [slot-booking-backend] [           main] com.zaxxer.hikari.HikariDataSource       : HikariPool-2 - Starting...
2026-07-01T21:26:19.970+05:30  WARN 7344 --- [slot-booking-backend] [MessageBroker-1] o.h.engine.jdbc.spi.SqlExceptionHelper   : SQL Error: 0, SQLState: 23514
2026-07-01T21:26:19.970+05:30 ERROR 7344 --- [slot-booking-backend] [MessageBroker-1] o.h.engine.jdbc.spi.SqlExceptionHelper   : ERROR: new row for relation "payments" violates check constraint "payments_status_check"
  Detail: Failing row contains (1, 65.00, 2026-06-28 21:38:12.795413, order_mock_1782663554087, null, null, CANCELLED, 2026-07-01 21:26:19.807034, 2, INR, RAZORPAY, null).
2026-07-01T21:26:20.142+05:30 ERROR 7344 --- [slot-booking-backend] [MessageBroker-1] o.s.s.s.TaskUtils$LoggingErrorHandler    : Unexpected error occurred in scheduled task

org.springframework.dao.DataIntegrityViolationException: could not execute statement [ERROR: new row for relation "payments" violates check constraint "payments_status_check"
  Detail: Failing row contains (1, 65.00, 2026-06-28 21:38:12.795413, order_mock_1782663554087, null, null, CANCELLED, 2026-07-01 21:26:19.807034, 2, INR, RAZORPAY, null).] [update payments set amount=?,booking_id=?,created_at=?,currency=?,gateway=?,razorpay_order_id=?,razorpay_payment_id=?,razorpay_signature=?,status=?,transaction_time=?,updated_at=? where id=?]; SQL [update payments set amount=?,booking_id=?,created_at=?,currency=?,gateway=?,razorpay_order_id=?,razorpay_payment_id=?,razorpay_signature=?,status=?,transaction_time=?,updated_at=? where id=?]; constraint [payments_status_check]
	at org.springframework.orm.jpa.vendor.HibernateJpaDialect.convertHibernateAccessException(HibernateJpaDialect.java:290) ~[spring-orm-6.1.8.jar:6.1.8]
	at org.springframework.orm.jpa.vendor.HibernateJpaDialect.translateExceptionIfPossible(HibernateJpaDialect.java:241) ~[spring-orm-6.1.8.jar:6.1.8]
	at org.springframework.orm.jpa.JpaTransactionManager.doCommit(JpaTransactionManager.java:566) ~[spring-orm-6.1.8.jar:6.1.8]
	at org.springframework.transaction.support.AbstractPlatformTransactionManager.processCommit(AbstractPlatformTransactionManager.java:795) ~[spring-tx-6.1.8.jar:6.1.8]
	at org.springframework.transaction.support.AbstractPlatformTransactionManager.commit(AbstractPlatformTransactionManager.java:758) ~[spring-tx-6.1.8.jar:6.1.8]
	at org.springframework.transaction.interceptor.TransactionAspectSupport.commitTransactionAfterReturning(TransactionAspectSupport.java:676) ~[spring-tx-6.1.8.jar:6.1.8]
	at org.springframework.transaction.interceptor.TransactionAspectSupport.invokeWithinTransaction(TransactionAspectSupport.java:426) ~[spring-tx-6.1.8.jar:6.1.8]
	at org.springframework.transaction.interceptor.TransactionInterceptor.invoke(TransactionInterceptor.java:119) ~[spring-tx-6.1.8.jar:6.1.8]
	at org.springframework.aop.framework.ReflectiveMethodInvocation.proceed(ReflectiveMethodInvocation.java:184) ~[spring-aop-6.1.8.jar:6.1.8]
	at org.springframework.aop.framework.CglibAopProxy$CglibMethodInvocation.proceed(CglibAopProxy.java:768) ~[spring-aop-6.1.8.jar:6.1.8]
	at org.springframework.aop.framework.CglibAopProxy$DynamicAdvisedInterceptor.intercept(CglibAopProxy.java:720) ~[spring-aop-6.1.8.jar:6.1.8]
	at com.slotbooking.modules.payment.service.PaymentServiceImpl$$SpringCGLIB$$0.cleanupExpiredBookings(<generated>) ~[classes/:na]
	at java.base/jdk.internal.reflect.DirectMethodHandleAccessor.invoke(DirectMethodHandleAccessor.java:104) ~[na:na]
	at java.base/java.lang.reflect.Method.invoke(Method.java:565) ~[na:na]
	at org.springframework.scheduling.support.ScheduledMethodRunnable.runInternal(ScheduledMethodRunnable.java:130) ~[spring-context-6.1.8.jar:6.1.8]
	at org.springframework.scheduling.support.ScheduledMethodRunnable.lambda$run$2(ScheduledMethodRunnable.java:124) ~[spring-context-6.1.8.jar:6.1.8]
	at io.micrometer.observation.Observation.observe(Observation.java:499) ~[micrometer-observation-1.13.0.jar:1.13.0]
	at org.springframework.scheduling.support.ScheduledMethodRunnable.run(ScheduledMethodRunnable.java:124) ~[spring-context-6.1.8.jar:6.1.8]
	at org.springframework.scheduling.support.DelegatingErrorHandlingRunnable.run(DelegatingErrorHandlingRunnable.java:54) ~[spring-context-6.1.8.jar:6.1.8]
	at java.base/java.util.concurrent.Executors$RunnableAdapter.call(Executors.java:545) ~[na:na]
	at java.base/java.util.concurrent.FutureTask.runAndReset(FutureTask.java:369) ~[na:na]
	at java.base/java.util.concurrent.ScheduledThreadPoolExecutor$ScheduledFutureTask.run(ScheduledThreadPoolExecutor.java:310) ~[na:na]
	at java.base/java.util.concurrent.ThreadPoolExecutor.runWorker(ThreadPoolExecutor.java:1090) ~[na:na]
	at java.base/java.util.concurrent.ThreadPoolExecutor$Worker.run(ThreadPoolExecutor.java:614) ~[na:na]
	at java.base/java.lang.Thread.run(Thread.java:1474) ~[na:na]
Caused by: org.hibernate.exception.ConstraintViolationException: could not execute statement [ERROR: new row for relation "payments" violates check constraint "payments_status_check"
  Detail: Failing row contains (1, 65.00, 2026-06-28 21:38:12.795413, order_mock_1782663554087, null, null, CANCELLED, 2026-07-01 21:26:19.807034, 2, INR, RAZORPAY, null).] [update payments set amount=?,booking_id=?,created_at=?,currency=?,gateway=?,razorpay_order_id=?,razorpay_payment_id=?,razorpay_signature=?,status=?,transaction_time=?,updated_at=? where id=?]
	at org.hibernate.exception.internal.SQLStateConversionDelegate.convert(SQLStateConversionDelegate.java:97) ~[hibernate-core-6.5.2.Final.jar:6.5.2.Final]
	at org.hibernate.exception.internal.StandardSQLExceptionConverter.convert(StandardSQLExceptionConverter.java:58) ~[hibernate-core-6.5.2.Final.jar:6.5.2.Final]
	at org.hibernate.engine.jdbc.spi.SqlExceptionHelper.convert(SqlExceptionHelper.java:108) ~[hibernate-core-6.5.2.Final.jar:6.5.2.Final]
	at org.hibernate.engine.jdbc.internal.ResultSetReturnImpl.executeUpdate(ResultSetReturnImpl.java:197) ~[hibernate-core-6.5.2.Final.jar:6.5.2.Final]
	at org.hibernate.engine.jdbc.mutation.internal.AbstractMutationExecutor.performNonBatchedMutation(AbstractMutationExecutor.java:134) ~[hibernate-core-6.5.2.Final.jar:6.5.2.Final]
	at org.hibernate.engine.jdbc.mutation.internal.MutationExecutorSingleNonBatched.performNonBatchedOperations(MutationExecutorSingleNonBatched.java:55) ~[hibernate-core-6.5.2.Final.jar:6.5.2.Final]
	at org.hibernate.engine.jdbc.mutation.internal.AbstractMutationExecutor.execute(AbstractMutationExecutor.java:55) ~[hibernate-core-6.5.2.Final.jar:6.5.2.Final]
	at org.hibernate.persister.entity.mutation.UpdateCoordinatorStandard.doStaticUpdate(UpdateCoordinatorStandard.java:781) ~[hibernate-core-6.5.2.Final.jar:6.5.2.Final]
	at org.hibernate.persister.entity.mutation.UpdateCoordinatorStandard.performUpdate(UpdateCoordinatorStandard.java:328) ~[hibernate-core-6.5.2.Final.jar:6.5.2.Final]
	at org.hibernate.persister.entity.mutation.UpdateCoordinatorStandard.update(UpdateCoordinatorStandard.java:245) ~[hibernate-core-6.5.2.Final.jar:6.5.2.Final]
	at org.hibernate.action.internal.EntityUpdateAction.execute(EntityUpdateAction.java:169) ~[hibernate-core-6.5.2.Final.jar:6.5.2.Final]
	at org.hibernate.engine.spi.ActionQueue.executeActions(ActionQueue.java:632) ~[hibernate-core-6.5.2.Final.jar:6.5.2.Final]
	at org.hibernate.engine.spi.ActionQueue.executeActions(ActionQueue.java:499) ~[hibernate-core-6.5.2.Final.jar:6.5.2.Final]
	at org.hibernate.event.internal.AbstractFlushingEventListener.performExecutions(AbstractFlushingEventListener.java:371) ~[hibernate-core-6.5.2.Final.jar:6.5.2.Final]
	at org.hibernate.event.internal.DefaultFlushEventListener.onFlush(DefaultFlushEventListener.java:41) ~[hibernate-core-6.5.2.Final.jar:6.5.2.Final]
	at org.hibernate.event.service.internal.EventListenerGroupImpl.fireEventOnEachListener(EventListenerGroupImpl.java:127) ~[hibernate-core-6.5.2.Final.jar:6.5.2.Final]
	at org.hibernate.internal.SessionImpl.doFlush(SessionImpl.java:1425) ~[hibernate-core-6.5.2.Final.jar:6.5.2.Final]
	at org.hibernate.internal.SessionImpl.managedFlush(SessionImpl.java:487) ~[hibernate-core-6.5.2.Final.jar:6.5.2.Final]
	at org.hibernate.internal.SessionImpl.flushBeforeTransactionCompletion(SessionImpl.java:2324) ~[hibernate-core-6.5.2.Final.jar:6.5.2.Final]
	at org.hibernate.internal.SessionImpl.beforeTransactionCompletion(SessionImpl.java:1981) ~[hibernate-core-6.5.2.Final.jar:6.5.2.Final]
	at org.hibernate.engine.jdbc.internal.JdbcCoordinatorImpl.beforeTransactionCompletion(JdbcCoordinatorImpl.java:439) ~[hibernate-core-6.5.2.Final.jar:6.5.2.Final]
	at org.hibernate.resource.transaction.backend.jdbc.internal.JdbcResourceLocalTransactionCoordinatorImpl.beforeCompletionCallback(JdbcResourceLocalTransactionCoordinatorImpl.java:169) ~[hibernate-core-6.5.2.Final.jar:6.5.2.Final]
	at org.hibernate.resource.transaction.backend.jdbc.internal.JdbcResourceLocalTransactionCoordinatorImpl$TransactionDriverControlImpl.commit(JdbcResourceLocalTransactionCoordinatorImpl.java:267) ~[hibernate-core-6.5.2.Final.jar:6.5.2.Final]
	at org.hibernate.engine.transaction.internal.TransactionImpl.commit(TransactionImpl.java:101) ~[hibernate-core-6.5.2.Final.jar:6.5.2.Final]
	at org.springframework.orm.jpa.JpaTransactionManager.doCommit(JpaTransactionManager.java:562) ~[spring-orm-6.1.8.jar:6.1.8]
	... 22 common frames omitted
Caused by: org.postgresql.util.PSQLException: ERROR: new row for relation "payments" violates check constraint "payments_status_check"
  Detail: Failing row contains (1, 65.00, 2026-06-28 21:38:12.795413, order_mock_1782663554087, null, null, CANCELLED, 2026-07-01 21:26:19.807034, 2, INR, RAZORPAY, null).
	at org.postgresql.core.v3.QueryExecutorImpl.receiveErrorResponse(QueryExecutorImpl.java:2725) ~[postgresql-42.7.3.jar:42.7.3]
	at org.postgresql.core.v3.QueryExecutorImpl.processResults(QueryExecutorImpl.java:2412) ~[postgresql-42.7.3.jar:42.7.3]
	at org.postgresql.core.v3.QueryExecutorImpl.execute(QueryExecutorImpl.java:371) ~[postgresql-42.7.3.jar:42.7.3]
	at org.postgresql.jdbc.PgStatement.executeInternal(PgStatement.java:502) ~[postgresql-42.7.3.jar:42.7.3]
	at org.postgresql.jdbc.PgStatement.execute(PgStatement.java:419) ~[postgresql-42.7.3.jar:42.7.3]
	at org.postgresql.jdbc.PgPreparedStatement.executeWithFlags(PgPreparedStatement.java:194) ~[postgresql-42.7.3.jar:42.7.3]
	at org.postgresql.jdbc.PgPreparedStatement.executeUpdate(PgPreparedStatement.java:155) ~[postgresql-42.7.3.jar:42.7.3]
	at com.zaxxer.hikari.pool.ProxyPreparedStatement.executeUpdate(ProxyPreparedStatement.java:61) ~[HikariCP-5.1.0.jar:na]
	at com.zaxxer.hikari.pool.HikariProxyPreparedStatement.executeUpdate(HikariProxyPreparedStatement.java) ~[HikariCP-5.1.0.jar:na]
	at org.hibernate.engine.jdbc.internal.ResultSetReturnImpl.executeUpdate(ResultSetReturnImpl.java:194) ~[hibernate-core-6.5.2.Final.jar:6.5.2.Final]
	... 43 common frames omitted

2026-07-01T21:26:20.439+05:30  INFO 7344 --- [slot-booking-backend] [           main] com.zaxxer.hikari.pool.HikariPool        : HikariPool-2 - Added connection org.postgresql.jdbc.PgConnection@61a16111
2026-07-01T21:26:20.440+05:30  INFO 7344 --- [slot-booking-backend] [           main] com.zaxxer.hikari.HikariDataSource       : HikariPool-2 - Start completed.
2026-07-01T21:26:21.386+05:30  INFO 7344 --- [slot-booking-backend] [           main] o.h.e.t.j.p.i.JtaPlatformInitiator       : HHH000489: No JTA platform available (set 'hibernate.transaction.jta.platform' to enable JTA platform integration)
2026-07-01T21:26:27.884+05:30  INFO 7344 --- [slot-booking-backend] [           main] j.LocalContainerEntityManagerFactoryBean : Initialized JPA EntityManagerFactory for persistence unit 'default'
2026-07-01T21:26:28.158+05:30  WARN 7344 --- [slot-booking-backend] [           main] c.s.m.n.provider.EmailProviderImpl       : [Email Service] SMTP credentials missing in .env. Running in MOCK Mode.
2026-07-01T21:26:28.172+05:30  WARN 7344 --- [slot-booking-backend] [           main] c.s.m.n.provider.SmsProviderImpl         : [SMS Service] SMS API Key missing in .env. Running in MOCK Mode.
2026-07-01T21:26:28.188+05:30  WARN 7344 --- [slot-booking-backend] [           main] c.s.m.n.p.PushNotificationProviderImpl   : [Push Service] FCM credentials missing in .env. Running in MOCK Mode.
2026-07-01T21:26:28.343+05:30  INFO 7344 --- [slot-booking-backend] [           main] eAuthenticationProviderManagerConfigurer : Global AuthenticationManager configured with AuthenticationProvider bean with name authenticationProvider
2026-07-01T21:26:28.343+05:30  WARN 7344 --- [slot-booking-backend] [           main] r$InitializeUserDetailsManagerConfigurer : Global AuthenticationManager configured with an AuthenticationProvider bean. UserDetailsService beans will not be used for username/password login. Consider removing the AuthenticationProvider bean. Alternatively, consider using the UserDetailsService in a manually instantiated DaoAuthenticationProvider.
2026-07-01T21:26:28.520+05:30  INFO 7344 --- [slot-booking-backend] [           main] o.s.s.web.DefaultSecurityFilterChain     : Will secure any request with [org.springframework.security.web.session.DisableEncodeUrlFilter@383633ea, org.springframework.security.web.context.request.async.WebAsyncManagerIntegrationFilter@1e6facc1, org.springframework.security.web.context.SecurityContextHolderFilter@7e5266e2, org.springframework.security.web.header.HeaderWriterFilter@623e9b27, org.springframework.web.filter.CorsFilter@1c7f3446, org.springframework.web.filter.CorsFilter@bb8a702, org.springframework.security.web.authentication.logout.LogoutFilter@2f4127da, com.slotbooking.security.JwtAuthenticationFilter@7d613278, org.springframework.security.web.savedrequest.RequestCacheAwareFilter@1c8a2352, org.springframework.security.web.servletapi.SecurityContextHolderAwareRequestFilter@a7b7447, org.springframework.security.web.authentication.AnonymousAuthenticationFilter@2187cfc, org.springframework.security.web.session.SessionManagementFilter@76e7c3ac, org.springframework.security.web.access.ExceptionTranslationFilter@133e309a, org.springframework.security.web.access.intercept.AuthorizationFilter@3394889b]
2026-07-01T21:26:28.727+05:30  INFO 7344 --- [slot-booking-backend] [           main] o.s.b.t.m.w.SpringBootMockServletContext : Initializing Spring TestDispatcherServlet ''
2026-07-01T21:26:28.727+05:30  INFO 7344 --- [slot-booking-backend] [           main] o.s.t.web.servlet.TestDispatcherServlet  : Initializing Servlet ''
2026-07-01T21:26:28.729+05:30  INFO 7344 --- [slot-booking-backend] [           main] o.s.t.web.servlet.TestDispatcherServlet  : Completed initialization in 2 ms
2026-07-01T21:26:28.736+05:30  INFO 7344 --- [slot-booking-backend] [           main] o.s.m.s.b.SimpleBrokerMessageHandler     : Starting...
2026-07-01T21:26:28.737+05:30  INFO 7344 --- [slot-booking-backend] [           main] o.s.m.s.b.SimpleBrokerMessageHandler     : BrokerAvailabilityEvent[available=true, SimpleBrokerMessageHandler [org.springframework.messaging.simp.broker.DefaultSubscriptionRegistry@74943348]]
2026-07-01T21:26:28.737+05:30  INFO 7344 --- [slot-booking-backend] [           main] o.s.m.s.b.SimpleBrokerMessageHandler     : Started.
2026-07-01T21:26:28.746+05:30  INFO 7344 --- [slot-booking-backend] [           main] c.s.controller.PaymentControllerTest     : Started PaymentControllerTest in 10.854 seconds (process running for 33.071)
2026-07-01T21:26:29.124+05:30  INFO 7344 --- [slot-booking-backend] [           main] com.slotbooking.config.AdminSeeder       : [AdminSeeder] Admin user already exists.
2026-07-01T21:26:29.149+05:30  INFO 7344 --- [slot-booking-backend] [           main] c.s.m.p.controller.WebhookController     : Received Razorpay Webhook notification
]]></system-out>
  </testcase>
  <testcase name="createOrder_authenticatedPlayer_returnsOk" classname="com.slotbooking.controller.PaymentControllerTest" time="0.043"/>
</testsuite>