<?xml version="1.0" encoding="UTF-8"?>
<testsuite xmlns:xsi="http://www.w3.org/2001/XMLSchema-instance" xsi:noNamespaceSchemaLocation="https://maven.apache.org/surefire/maven-surefire-plugin/xsd/surefire-test-report-3.0.xsd" version="3.0" name="com.slotbooking.TournamentCreateTest" time="22.152" tests="1" errors="0" skipped="0" failures="0">
  <properties>
[...]
</properties>
  <testcase name="dropLegacyColumns" classname="com.slotbooking.TournamentCreateTest" time="1.061">
    <system-out><![CDATA[21:06:27.235 [main] INFO org.springframework.test.context.support.AnnotationConfigContextLoaderUtils -- Could not detect default configuration classes for test class [com.slotbooking.TournamentCreateTest]: TournamentCreateTest does not declare any static, non-private, non-final, nested classes annotated with @Configuration.
21:06:27.441 [main] INFO org.springframework.boot.test.context.SpringBootTestContextBootstrapper -- Found @SpringBootConfiguration com.slotbooking.SlotBookingApplication for test class com.slotbooking.TournamentCreateTest
21:06:27.678 [main] INFO org.springframework.boot.devtools.restart.RestartApplicationListener -- Restart disabled due to context in which it is running
  .   ____          _            __ _ _
 /\\ / ___'_ __ _ _(_)_ __  __ _ \ \ \ \
( ( )\___ | '_ | '_| | '_ \/ _` | \ \ \ \
 \\/  ___)| |_)| | | | | || (_| |  ) ) ) )
  '  |____| .__|_| |_|_| |_\__, | / / / /
 =========|_|==============|___/=/_/_/_/

 :: Spring Boot ::                (v3.3.0)

2026-06-28T21:06:28.136+05:30  WARN 12220 --- [slot-booking-backend] [           main] ory$DuplicateJsonObjectContextCustomizer : 

Found multiple occurrences of org.json.JSONObject on the class path:

	jar:file:/C:/Users/Nishan/.m2/repository/org/json/json/20180130/json-20180130.jar!/org/json/JSONObject.class
	jar:file:/C:/Users/Nishan/.m2/repository/com/vaadin/external/google/android-json/0.0.20131108.vaadin1/android-json-0.0.20131108.vaadin1.jar!/org/json/JSONObject.class

You may wish to exclude one of them to ensure predictable runtime behavior

2026-06-28T21:06:28.159+05:30  INFO 12220 --- [slot-booking-backend] [           main] com.slotbooking.TournamentCreateTest     : Starting TournamentCreateTest using Java 25.0.2 with PID 12220 (started by Nishan in C:\Users\Nishan\Desktop\app\backend)
2026-06-28T21:06:28.160+05:30 DEBUG 12220 --- [slot-booking-backend] [           main] com.slotbooking.TournamentCreateTest     : Running with Spring Boot v3.3.0, Spring v6.1.8
2026-06-28T21:06:28.161+05:30  INFO 12220 --- [slot-booking-backend] [           main] com.slotbooking.TournamentCreateTest     : The following 1 profile is active: "dev"
2026-06-28T21:06:29.615+05:30  INFO 12220 --- [slot-booking-backend] [           main] .s.d.r.c.RepositoryConfigurationDelegate : Bootstrapping Spring Data JPA repositories in DEFAULT mode.
2026-06-28T21:06:29.821+05:30  INFO 12220 --- [slot-booking-backend] [           main] .s.d.r.c.RepositoryConfigurationDelegate : Finished Spring Data repository scanning in 194 ms. Found 11 JPA repository interfaces.
2026-06-28T21:06:30.937+05:30  INFO 12220 --- [slot-booking-backend] [           main] o.hibernate.jpa.internal.util.LogHelper  : HHH000204: Processing PersistenceUnitInfo [name: default]
2026-06-28T21:06:31.053+05:30  INFO 12220 --- [slot-booking-backend] [           main] org.hibernate.Version                    : HHH000412: Hibernate ORM core version 6.5.2.Final
2026-06-28T21:06:31.110+05:30  INFO 12220 --- [slot-booking-backend] [           main] o.h.c.internal.RegionFactoryInitiator    : HHH000026: Second-level cache disabled
2026-06-28T21:06:31.781+05:30  INFO 12220 --- [slot-booking-backend] [           main] o.s.o.j.p.SpringPersistenceUnitInfo      : No LoadTimeWeaver setup: ignoring JPA class transformer
2026-06-28T21:06:31.821+05:30  INFO 12220 --- [slot-booking-backend] [           main] com.zaxxer.hikari.HikariDataSource       : HikariPool-1 - Starting...
2026-06-28T21:06:33.742+05:30  INFO 12220 --- [slot-booking-backend] [           main] com.zaxxer.hikari.pool.HikariPool        : HikariPool-1 - Added connection org.postgresql.jdbc.PgConnection@5342eec5
2026-06-28T21:06:33.744+05:30  INFO 12220 --- [slot-booking-backend] [           main] com.zaxxer.hikari.HikariDataSource       : HikariPool-1 - Start completed.
2026-06-28T21:06:33.931+05:30  WARN 12220 --- [slot-booking-backend] [           main] org.hibernate.orm.deprecation            : HHH90000025: PostgreSQLDialect does not need to be specified explicitly using 'hibernate.dialect' (remove the property setting and it will be selected by default)
2026-06-28T21:06:35.718+05:30  INFO 12220 --- [slot-booking-backend] [           main] o.h.e.t.j.p.i.JtaPlatformInitiator       : HHH000489: No JTA platform available (set 'hibernate.transaction.jta.platform' to enable JTA platform integration)
2026-06-28T21:06:36.555+05:30 DEBUG 12220 --- [slot-booking-backend] [           main] org.hibernate.SQL                        : 
    alter table if exists device_tokens 
       alter column device_token set data type TEXT
Hibernate: 
    alter table if exists device_tokens 
       alter column device_token set data type TEXT
2026-06-28T21:06:36.728+05:30 DEBUG 12220 --- [slot-booking-backend] [           main] org.hibernate.SQL                        : 
    alter table if exists notification_delivery_logs 
       alter column response set data type TEXT
Hibernate: 
    alter table if exists notification_delivery_logs 
       alter column response set data type TEXT
2026-06-28T21:06:36.874+05:30 DEBUG 12220 --- [slot-booking-backend] [           main] org.hibernate.SQL                        : 
    alter table if exists notification_templates 
       alter column body set data type TEXT
Hibernate: 
    alter table if exists notification_templates 
       alter column body set data type TEXT
2026-06-28T21:06:37.015+05:30 DEBUG 12220 --- [slot-booking-backend] [           main] org.hibernate.SQL                        : 
    alter table if exists notifications 
       alter column message set data type TEXT
Hibernate: 
    alter table if exists notifications 
       alter column message set data type TEXT
2026-06-28T21:06:43.552+05:30  INFO 12220 --- [slot-booking-backend] [           main] j.LocalContainerEntityManagerFactoryBean : Initialized JPA EntityManagerFactory for persistence unit 'default'
2026-06-28T21:06:44.209+05:30  INFO 12220 --- [slot-booking-backend] [           main] o.s.d.j.r.query.QueryEnhancerFactory     : Hibernate is in classpath; If applicable, HQL parser will be used.
2026-06-28T21:06:45.581+05:30  WARN 12220 --- [slot-booking-backend] [           main] c.s.m.n.provider.EmailProviderImpl       : [Email Service] SMTP credentials missing in .env. Running in MOCK Mode.
2026-06-28T21:06:45.602+05:30  WARN 12220 --- [slot-booking-backend] [           main] c.s.m.n.provider.SmsProviderImpl         : [SMS Service] SMS API Key missing in .env. Running in MOCK Mode.
2026-06-28T21:06:45.629+05:30  WARN 12220 --- [slot-booking-backend] [           main] c.s.m.n.p.PushNotificationProviderImpl   : [Push Service] FCM credentials missing in .env. Running in MOCK Mode.
2026-06-28T21:06:46.469+05:30  INFO 12220 --- [slot-booking-backend] [           main] eAuthenticationProviderManagerConfigurer : Global AuthenticationManager configured with AuthenticationProvider bean with name authenticationProvider
2026-06-28T21:06:46.470+05:30  WARN 12220 --- [slot-booking-backend] [           main] r$InitializeUserDetailsManagerConfigurer : Global AuthenticationManager configured with an AuthenticationProvider bean. UserDetailsService beans will not be used for username/password login. Consider removing the AuthenticationProvider bean. Alternatively, consider using the UserDetailsService in a manually instantiated DaoAuthenticationProvider.
2026-06-28T21:06:46.917+05:30  INFO 12220 --- [slot-booking-backend] [           main] o.s.s.web.DefaultSecurityFilterChain     : Will secure any request with [org.springframework.security.web.session.DisableEncodeUrlFilter@275d46a8, org.springframework.security.web.context.request.async.WebAsyncManagerIntegrationFilter@4b3a6383, org.springframework.security.web.context.SecurityContextHolderFilter@2f539c9b, org.springframework.security.web.header.HeaderWriterFilter@6ce6b828, org.springframework.web.filter.CorsFilter@689c5fdc, org.springframework.web.filter.CorsFilter@5bc971ef, org.springframework.security.web.authentication.logout.LogoutFilter@4b5455c6, com.slotbooking.security.JwtAuthenticationFilter@778bdf42, org.springframework.security.web.savedrequest.RequestCacheAwareFilter@6980d3b3, org.springframework.security.web.servletapi.SecurityContextHolderAwareRequestFilter@3b4675d3, org.springframework.security.web.authentication.AnonymousAuthenticationFilter@16ec1438, org.springframework.security.web.session.SessionManagementFilter@7b2637fa, org.springframework.security.web.access.ExceptionTranslationFilter@1498a4d, org.springframework.security.web.access.intercept.AuthorizationFilter@b5ceafa]
2026-06-28T21:06:47.605+05:30  INFO 12220 --- [slot-booking-backend] [           main] o.s.m.s.b.SimpleBrokerMessageHandler     : Starting...
2026-06-28T21:06:47.607+05:30  INFO 12220 --- [slot-booking-backend] [           main] o.s.m.s.b.SimpleBrokerMessageHandler     : BrokerAvailabilityEvent[available=true, SimpleBrokerMessageHandler [org.springframework.messaging.simp.broker.DefaultSubscriptionRegistry@116b7837]]
2026-06-28T21:06:47.611+05:30  INFO 12220 --- [slot-booking-backend] [           main] o.s.m.s.b.SimpleBrokerMessageHandler     : Started.
2026-06-28T21:06:47.628+05:30  INFO 12220 --- [slot-booking-backend] [           main] com.slotbooking.TournamentCreateTest     : Started TournamentCreateTest in 19.978 seconds (process running for 21.536)
2026-06-28T21:06:47.787+05:30 DEBUG 12220 --- [slot-booking-backend] [           main] org.hibernate.SQL                        : 
    select
        u1_0.id,
        u1_0.approved_at,
        u1_0.approved_by_id,
        u1_0.created_at,
        u1_0.email,
        u1_0.full_name,
        u1_0.mobile_number,
        u1_0.mobile_verified,
        u1_0.password,
        u1_0.profile_photo,
        u1_0.role,
        u1_0.status,
        u1_0.updated_at,
        u1_0.updated_by 
    from
        users u1_0 
    where
        u1_0.mobile_number=?
Hibernate: 
    select
        u1_0.id,
        u1_0.approved_at,
        u1_0.approved_by_id,
        u1_0.created_at,
        u1_0.email,
        u1_0.full_name,
        u1_0.mobile_number,
        u1_0.mobile_verified,
        u1_0.password,
        u1_0.profile_photo,
        u1_0.role,
        u1_0.status,
        u1_0.updated_at,
        u1_0.updated_by 
    from
        users u1_0 
    where
        u1_0.mobile_number=?
2026-06-28T21:06:47.801+05:30 DEBUG 12220 --- [slot-booking-backend] [MessageBroker-1] org.hibernate.SQL                        : 
    select
        b1_0.id,
        b1_0.created_at,
        b1_0.razorpay_order_id,
        b1_0.status,
        b1_0.tournament_id,
        b1_0.updated_at,
        b1_0.user_id 
    from
        bookings b1_0 
    where
        b1_0.status=? 
        and b1_0.created_at<?
Hibernate: 
    select
        b1_0.id,
        b1_0.created_at,
        b1_0.razorpay_order_id,
        b1_0.status,
        b1_0.tournament_id,
        b1_0.updated_at,
        b1_0.user_id 
    from
        bookings b1_0 
    where
        b1_0.status=? 
        and b1_0.created_at<?
2026-06-28T21:06:48.073+05:30  INFO 12220 --- [slot-booking-backend] [           main] com.slotbooking.config.AdminSeeder       : [AdminSeeder] Admin user already exists.
=== START DROP LEGACY COLUMNS ===
Successfully dropped column 'registration_end'!
Successfully dropped column 'registration_start'!
=== END DROP LEGACY COLUMNS ===
]]></system-out>
    <system-err><![CDATA[WARNING: A Java agent has been loaded dynamically (C:\Users\Nishan\.m2\repository\net\bytebuddy\byte-buddy-agent\1.14.16\byte-buddy-agent-1.14.16.jar)
WARNING: If a serviceability tool is in use, please run with -XX:+EnableDynamicAgentLoading to hide this warning
WARNING: If a serviceability tool is not in use, please run with -Djdk.instrument.traceUsage for more information
WARNING: Dynamic loading of agents will be disallowed by default in a future release
]]></system-err>
  </testcase>
</testsuite>